<?xml version="1.0" encoding="utf-8"?><testsuites name="pytest tests"><testsuite name="pytest" errors="0" failures="0" skipped="1" tests="11" time="1.181" timestamp="2026-07-25T11:01:06.500924+00:00" hostname="agent-env-6b63acc3-312f-4560-9fe1-fc6a67bf46e8"><testcase classname="tests.backend_test" name="test_health" time="0.275" /><testcase classname="tests.backend_test" name="test_realisations_returns_twelve_items" time="0.044" /><testcase classname="tests.backend_test" name="test_realisations_includes_new_ids" time="0.042" /><testcase classname="tests.backend_test" name="test_realisations_sectors_include_new" time="0.041" /><testcase classname="tests.backend_test" name="test_realisations_no_occitanie" time="0.041" /><testcase classname="tests.backend_test" name="test_realisations_specific_locations" time="0.044" /><testcase classname="tests.backend_test" name="test_devis_valid_payload_returns_success" time="0.000"><skipped type="pytest.skip" message="Skipped per review request: do not send a devis email">/app/backend/tests/backend_test.py:113: Skipped per review request: do not send a devis email</skipped></testcase><testcase classname="tests.backend_test" name="test_devis_invalid_missing_name" time="0.044" /><testcase classname="tests.backend_test" name="test_devis_invalid_missing_email" time="0.042" /><testcase classname="tests.backend_test" name="test_devis_invalid_email_format" time="0.042" /><testcase classname="tests.backend_test" name="test_devis_invalid_short_message" time="0.041" /></testsuite></testsuites>