<?xml version="1.0" encoding="utf-8"?><testsuites name="pytest tests"><testsuite name="pytest" errors="0" failures="0" skipped="0" tests="7" time="1.296" timestamp="2026-07-17T15:18:57.317359+00:00" hostname="agent-env-6b63acc3-312f-4560-9fe1-fc6a67bf46e8"><testcase classname="tests.backend_test" name="test_health" time="0.244" /><testcase classname="tests.backend_test" name="test_realisations_returns_six_items" time="0.056" /><testcase classname="tests.backend_test" name="test_devis_valid_payload_returns_success" time="0.272" /><testcase classname="tests.backend_test" name="test_devis_invalid_missing_name" time="0.053" /><testcase classname="tests.backend_test" name="test_devis_invalid_missing_email" time="0.053" /><testcase classname="tests.backend_test" name="test_devis_invalid_email_format" time="0.065" /><testcase classname="tests.backend_test" name="test_devis_invalid_short_message" time="0.058" /></testsuite></testsuites>